# JRE version: Java(TM) SE Runtime Environment (8.0_111-b14) (build 1.8.0_111-b14)
# Java VM: Java HotSpot(TM) Client VM (25.111-b14 mixed mode windows-x86 )
Heap:
 def new generation   total 39424K, used 33160K [0x04e00000, 0x078c0000, 0x0f8a0000)
  eden space 35072K,  94% used [0x04e00000, 0x06e53268, 0x07040000)
  from space 4352K,   1% used [0x07040000, 0x0704eec0, 0x07480000)
  to   space 4352K,   0% used [0x07480000, 0x07480000, 0x078c0000)
 tenured generation   total 87424K, used 52673K [0x0f8a0000, 0x14e00000, 0x24e00000)
   the space 87424K,  60% used [0x0f8a0000, 0x12c107a0, 0x12c10800, 0x14e00000)
 Metaspace       used 19357K, capacity 19824K, committed 19840K, reserved 19840K
GC Heap History (10 events):
Event: 4445.663 GC heap before
{Heap before GC invocations=452 (full 1):
 def new generation   total 39424K, used 35150K [0x04e00000, 0x078c0000, 0x0f8a0000)
  eden space 35072K, 100% used [0x04e00000, 0x07040000, 0x07040000)
  from space 4352K,   1% used [0x07480000, 0x07493ba0, 0x078c0000)
  to   space 4352K,   0% used [0x07040000, 0x07040000, 0x07480000)
 tenured generation   total 87424K, used 52648K [0x0f8a0000, 0x14e00000, 0x24e00000)
   the space 87424K,  60% used [0x0f8a0000, 0x12c0a178, 0x12c0a200, 0x14e00000)
 Metaspace       used 19345K, capacity 19821K, committed 19840K, reserved 19840K
Event: 4445.665 GC heap after
Heap after GC invocations=453 (full 1):
 def new generation   total 39424K, used 72K [0x04e00000, 0x078c0000, 0x0f8a0000)
  eden space 35072K,   0% used [0x04e00000, 0x04e00000, 0x07040000)
  from space 4352K,   1% used [0x07040000, 0x070523f0, 0x07480000)
  to   space 4352K,   0% used [0x07480000, 0x07480000, 0x078c0000)
 tenured generation   total 87424K, used 52652K [0x0f8a0000, 0x14e00000, 0x24e00000)
   the space 87424K,  60% used [0x0f8a0000, 0x12c0b150, 0x12c0b200, 0x14e00000)
 Metaspace       used 19345K, capacity 19821K, committed 19840K, reserved 19840K
}
Event: 4449.251 GC heap before
{Heap before GC invocations=453 (full 1):
 def new generation   total 39424K, used 35144K [0x04e00000, 0x078c0000, 0x0f8a0000)
  eden space 35072K, 100% used [0x04e00000, 0x07040000, 0x07040000)
  from space 4352K,   1% used [0x07040000, 0x070523f0, 0x07480000)
  to   space 4352K,   0% used [0x07480000, 0x07480000, 0x078c0000)
 tenured generation   total 87424K, used 52652K [0x0f8a0000, 0x14e00000, 0x24e00000)
   the space 87424K,  60% used [0x0f8a0000, 0x12c0b150, 0x12c0b200, 0x14e00000)
 Metaspace       used 19345K, capacity 19821K, committed 19840K, reserved 19840K
Event: 4449.252 GC heap after
Heap after GC invocations=454 (full 1):
 def new generation   total 39424K, used 65K [0x04e00000, 0x078c0000, 0x0f8a0000)
  eden space 35072K,   0% used [0x04e00000, 0x04e00000, 0x07040000)
  from space 4352K,   1% used [0x07480000, 0x07490418, 0x078c0000)
  to   space 4352K,   0% used [0x07040000, 0x07040000, 0x07480000)
 tenured generation   total 87424K, used 52657K [0x0f8a0000, 0x14e00000, 0x24e00000)
   the space 87424K,  60% used [0x0f8a0000, 0x12c0c658, 0x12c0c800, 0x14e00000)
 Metaspace       used 19345K, capacity 19821K, committed 19840K, reserved 19840K
}
Event: 4452.809 GC heap before
{Heap before GC invocations=454 (full 1):
 def new generation   total 39424K, used 35137K [0x04e00000, 0x078c0000, 0x0f8a0000)
  eden space 35072K, 100% used [0x04e00000, 0x07040000, 0x07040000)
  from space 4352K,   1% used [0x07480000, 0x07490418, 0x078c0000)
  to   space 4352K,   0% used [0x07040000, 0x07040000, 0x07480000)
 tenured generation   total 87424K, used 52657K [0x0f8a0000, 0x14e00000, 0x24e00000)
   the space 87424K,  60% used [0x0f8a0000, 0x12c0c658, 0x12c0c800, 0x14e00000)
 Metaspace       used 19345K, capacity 19821K, committed 19840K, reserved 19840K
Event: 4452.811 GC heap after
Heap after GC invocations=455 (full 1):
 def new generation   total 39424K, used 55K [0x04e00000, 0x078c0000, 0x0f8a0000)
  eden space 35072K,   0% used [0x04e00000, 0x04e00000, 0x07040000)
  from space 4352K,   1% used [0x07040000, 0x0704df90, 0x07480000)
  to   space 4352K,   0% used [0x07480000, 0x07480000, 0x078c0000)
 tenured generation   total 87424K, used 52669K [0x0f8a0000, 0x14e00000, 0x24e00000)
   the space 87424K,  60% used [0x0f8a0000, 0x12c0f748, 0x12c0f800, 0x14e00000)
 Metaspace       used 19345K, capacity 19821K, committed 19840K, reserved 19840K
}
Event: 4456.430 GC heap before
{Heap before GC invocations=455 (full 1):
 def new generation   total 39424K, used 35127K [0x04e00000, 0x078c0000, 0x0f8a0000)
  eden space 35072K, 100% used [0x04e00000, 0x07040000, 0x07040000)
  from space 4352K,   1% used [0x07040000, 0x0704df90, 0x07480000)
  to   space 4352K,   0% used [0x07480000, 0x07480000, 0x078c0000)
 tenured generation   total 87424K, used 52669K [0x0f8a0000, 0x14e00000, 0x24e00000)
   the space 87424K,  60% used [0x0f8a0000, 0x12c0f748, 0x12c0f800, 0x14e00000)
 Metaspace       used 19345K, capacity 19821K, committed 19840K, reserved 19840K
Event: 4456.431 GC heap after
Heap after GC invocations=456 (full 1):
 def new generation   total 39424K, used 56K [0x04e00000, 0x078c0000, 0x0f8a0000)
  eden space 35072K,   0% used [0x04e00000, 0x04e00000, 0x07040000)
  from space 4352K,   1% used [0x07480000, 0x0748e2c0, 0x078c0000)
  to   space 4352K,   0% used [0x07040000, 0x07040000, 0x07480000)
 tenured generation   total 87424K, used 52670K [0x0f8a0000, 0x14e00000, 0x24e00000)
   the space 87424K,  60% used [0x0f8a0000, 0x12c0fb10, 0x12c0fc00, 0x14e00000)
 Metaspace       used 19345K, capacity 19821K, committed 19840K, reserved 19840K
}
Event: 4460.293 GC heap before
{Heap before GC invocations=456 (full 1):
 def new generation   total 39424K, used 35128K [0x04e00000, 0x078c0000, 0x0f8a0000)
  eden space 35072K, 100% used [0x04e00000, 0x07040000, 0x07040000)
  from space 4352K,   1% used [0x07480000, 0x0748e2c0, 0x078c0000)
  to   space 4352K,   0% used [0x07040000, 0x07040000, 0x07480000)
 tenured generation   total 87424K, used 52670K [0x0f8a0000, 0x14e00000, 0x24e00000)
   the space 87424K,  60% used [0x0f8a0000, 0x12c0fb10, 0x12c0fc00, 0x14e00000)
 Metaspace       used 19345K, capacity 19821K, committed 19840K, reserved 19840K
Event: 4460.294 GC heap after
Heap after GC invocations=457 (full 1):
 def new generation   total 39424K, used 59K [0x04e00000, 0x078c0000, 0x0f8a0000)
  eden space 35072K,   0% used [0x04e00000, 0x04e00000, 0x07040000)
  from space 4352K,   1% used [0x07040000, 0x0704eec0, 0x07480000)
  to   space 4352K,   0% used [0x07480000, 0x07480000, 0x078c0000)
 tenured generation   total 87424K, used 52673K [0x0f8a0000, 0x14e00000, 0x24e00000)
   the space 87424K,  60% used [0x0f8a0000, 0x12c107a0, 0x12c10800, 0x14e00000)
 Metaspace       used 19345K, capacity 19821K, committed 19840K, reserved 19840K
}

